2025-11-12 16:49:34.073 [main] INFO  com.bing.framework.BingFrameworkApplication - Starting BingFrameworkApplication v0.0.1-SNAPSHOT using Java 1.8.0_451 on zhengbing with PID 42684 (D:\ai_code\cursor\bing-framework\bing-framework\target\bing-framework-0.0.1-SNAPSHOT.jar started by mydre in D:\ai_code\cursor\bing-framework\bing-framework)
2025-11-12 16:49:34.079 [main] DEBUG com.bing.framework.BingFrameworkApplication - Running with Spring Boot v2.7.18, Spring v5.3.31
2025-11-12 16:49:34.080 [main] INFO  com.bing.framework.BingFrameworkApplication - The following 1 profile is active: "dev"
2025-11-12 16:49:36.233 [main] INFO  org.apache.coyote.http11.Http11NioProtocol - Initializing ProtocolHandler ["http-nio-8081"]
2025-11-12 16:49:36.235 [main] INFO  org.apache.catalina.core.StandardService - Starting service [Tomcat]
2025-11-12 16:49:36.237 [main] INFO  org.apache.catalina.core.StandardEngine - Starting Servlet engine: [Apache Tomcat/9.0.83]
2025-11-12 16:49:36.466 [main] INFO  o.a.c.core.ContainerBase.[Tomcat].[localhost].[/] - Initializing Spring embedded WebApplicationContext
2025-11-12 16:49:37.171 [main] WARN  o.s.b.w.s.c.AnnotationConfigServletWebServerApplicationContext - Exception encountered during context initialization - cancelling refresh attempt: org.springframework.beans.factory.UnsatisfiedDependencyException: Error creating bean with name 'auditLogAspect': Unsatisfied dependency expressed through field 'auditLogService'; nested exception is org.springframework.beans.factory.UnsatisfiedDependencyException: Error creating bean with name 'auditLogServiceImpl' defined in URL [jar:file:/D:/ai_code/cursor/bing-framework/bing-framework/target/bing-framework-0.0.1-SNAPSHOT.jar!/BOOT-INF/classes!/com/bing/framework/service/impl/AuditLogServiceImpl.class]: Unsatisfied dependency expressed through constructor parameter 0; nested exception is org.springframework.beans.factory.UnsatisfiedDependencyException: Error creating bean with name 'auditLogBufferManager' defined in URL [jar:file:/D:/ai_code/cursor/bing-framework/bing-framework/target/bing-framework-0.0.1-SNAPSHOT.jar!/BOOT-INF/classes!/com/bing/framework/util/AuditLogBufferManager.class]: Unsatisfied dependency expressed through constructor parameter 0; nested exception is org.springframework.beans.factory.UnsatisfiedDependencyException: Error creating bean with name 'auditLogMapper' defined in URL [jar:file:/D:/ai_code/cursor/bing-framework/bing-framework/target/bing-framework-0.0.1-SNAPSHOT.jar!/BOOT-INF/classes!/com/bing/framework/mapper/AuditLogMapper.class]: Unsatisfied dependency expressed through bean property 'sqlSessionFactory'; nested exception is org.springframework.beans.factory.BeanCreationException: Error creating bean with name 'sqlSessionFactory' defined in class path resource [com/baomidou/mybatisplus/autoconfigure/MybatisPlusAutoConfiguration.class]: Bean instantiation via factory method failed; nested exception is org.springframework.beans.BeanInstantiationException: Failed to instantiate [org.apache.ibatis.session.SqlSessionFactory]: Factory method 'sqlSessionFactory' threw exception; nested exception is java.io.IOException: Failed to parse mapping resource: 'URL [jar:file:/D:/ai_code/cursor/bing-framework/bing-framework/target/bing-framework-0.0.1-SNAPSHOT.jar!/BOOT-INF/classes!/mapper/UserOrganizationMapper.xml]'
2025-11-12 16:49:37.175 [main] INFO  org.apache.catalina.core.StandardService - Stopping service [Tomcat]
2025-11-12 16:49:37.204 [main] ERROR org.springframework.boot.SpringApplication - Application run failed
org.springframework.beans.factory.UnsatisfiedDependencyException: Error creating bean with name 'auditLogAspect': Unsatisfied dependency expressed through field 'auditLogService'; nested exception is org.springframework.beans.factory.UnsatisfiedDependencyException: Error creating bean with name 'auditLogServiceImpl' defined in URL [jar:file:/D:/ai_code/cursor/bing-framework/bing-framework/target/bing-framework-0.0.1-SNAPSHOT.jar!/BOOT-INF/classes!/com/bing/framework/service/impl/AuditLogServiceImpl.class]: Unsatisfied dependency expressed through constructor parameter 0; nested exception is org.springframework.beans.factory.UnsatisfiedDependencyException: Error creating bean with name 'auditLogBufferManager' defined in URL [jar:file:/D:/ai_code/cursor/bing-framework/bing-framework/target/bing-framework-0.0.1-SNAPSHOT.jar!/BOOT-INF/classes!/com/bing/framework/util/AuditLogBufferManager.class]: Unsatisfied dependency expressed through constructor parameter 0; nested exception is org.springframework.beans.factory.UnsatisfiedDependencyException: Error creating bean with name 'auditLogMapper' defined in URL [jar:file:/D:/ai_code/cursor/bing-framework/bing-framework/target/bing-framework-0.0.1-SNAPSHOT.jar!/BOOT-INF/classes!/com/bing/framework/mapper/AuditLogMapper.class]: Unsatisfied dependency expressed through bean property 'sqlSessionFactory'; nested exception is org.springframework.beans.factory.BeanCreationException: Error creating bean with name 'sqlSessionFactory' defined in class path resource [com/baomidou/mybatisplus/autoconfigure/MybatisPlusAutoConfiguration.class]: Bean instantiation via factory method failed; nested exception is org.springframework.beans.BeanInstantiationException: Failed to instantiate [org.apache.ibatis.session.SqlSessionFactory]: Factory method 'sqlSessionFactory' threw exception; nested exception is java.io.IOException: Failed to parse mapping resource: 'URL [jar:file:/D:/ai_code/cursor/bing-framework/bing-framework/target/bing-framework-0.0.1-SNAPSHOT.jar!/BOOT-INF/classes!/mapper/UserOrganizationMapper.xml]'
	at org.springframework.beans.factory.annotation.AutowiredAnnotationBeanPostProcessor$AutowiredFieldElement.resolveFieldValue(AutowiredAnnotationBeanPostProcessor.java:713)
	at org.springframework.beans.factory.annotation.AutowiredAnnotationBeanPostProcessor$AutowiredFieldElement.inject(AutowiredAnnotationBeanPostProcessor.java:693)
	at org.springframework.beans.factory.annotation.InjectionMetadata.inject(InjectionMetadata.java:119)
	at org.springframework.beans.factory.annotation.AutowiredAnnotationBeanPostProcessor.postProcessProperties(AutowiredAnnotationBeanPostProcessor.java:408)
	at org.springframework.beans.factory.support.AbstractAutowireCapableBeanFactory.populateBean(AbstractAutowireCapableBeanFactory.java:1431)
	at org.springframework.beans.factory.support.AbstractAutowireCapableBeanFactory.doCreateBean(AbstractAutowireCapableBeanFactory.java:619)
	at org.springframework.beans.factory.support.AbstractAutowireCapableBeanFactory.createBean(AbstractAutowireCapableBeanFactory.java:542)
	at org.springframework.beans.factory.support.AbstractBeanFactory.lambda$doGetBean$0(AbstractBeanFactory.java:335)
	at org.springframework.beans.factory.support.DefaultSingletonBeanRegistry.getSingleton(DefaultSingletonBeanRegistry.java:234)
	at org.springframework.beans.factory.support.AbstractBeanFactory.doGetBean(AbstractBeanFactory.java:333)
	at org.springframework.beans.factory.support.AbstractBeanFactory.getBean(AbstractBeanFactory.java:208)
	at org.springframework.beans.factory.support.DefaultListableBeanFactory.preInstantiateSingletons(DefaultListableBeanFactory.java:955)
	at org.springframework.context.support.AbstractApplicationContext.finishBeanFactoryInitialization(AbstractApplicationContext.java:929)
	at org.springframework.context.support.AbstractApplicationContext.refresh(AbstractApplicationContext.java:591)
	at org.springframework.boot.web.servlet.context.ServletWebServerApplicationContext.refresh(ServletWebServerApplicationContext.java:147)
	at org.springframework.boot.SpringApplication.refresh(SpringApplication.java:732)
	at org.springframework.boot.SpringApplication.refreshContext(SpringApplication.java:409)
	at org.springframework.boot.SpringApplication.run(SpringApplication.java:308)
	at org.springframework.boot.SpringApplication.run(SpringApplication.java:1300)
	at org.springframework.boot.SpringApplication.run(SpringApplication.java:1289)
	at com.bing.framework.BingFrameworkApplication.main(BingFrameworkApplication.java:37)
	at sun.reflect.NativeMethodAccessorImpl.invoke0(Native Method)
	at sun.reflect.NativeMethodAccessorImpl.invoke(NativeMethodAccessorImpl.java:62)
	at sun.reflect.DelegatingMethodAccessorImpl.invoke(DelegatingMethodAccessorImpl.java:43)
	at java.lang.reflect.Method.invoke(Method.java:498)
	at org.springframework.boot.loader.MainMethodRunner.run(MainMethodRunner.java:49)
	at org.springframework.boot.loader.Launcher.launch(Launcher.java:108)
	at org.springframework.boot.loader.Launcher.launch(Launcher.java:58)
	at org.springframework.boot.loader.JarLauncher.main(JarLauncher.java:65)
Caused by: org.springframework.beans.factory.UnsatisfiedDependencyException: Error creating bean with name 'auditLogServiceImpl' defined in URL [jar:file:/D:/ai_code/cursor/bing-framework/bing-framework/target/bing-framework-0.0.1-SNAPSHOT.jar!/BOOT-INF/classes!/com/bing/framework/service/impl/AuditLogServiceImpl.class]: Unsatisfied dependency expressed through constructor parameter 0; nested exception is org.springframework.beans.factory.UnsatisfiedDependencyException: Error creating bean with name 'auditLogBufferManager' defined in URL [jar:file:/D:/ai_code/cursor/bing-framework/bing-framework/target/bing-framework-0.0.1-SNAPSHOT.jar!/BOOT-INF/classes!/com/bing/framework/util/AuditLogBufferManager.class]: Unsatisfied dependency expressed through constructor parameter 0; nested exception is org.springframework.beans.factory.UnsatisfiedDependencyException: Error creating bean with name 'auditLogMapper' defined in URL [jar:file:/D:/ai_code/cursor/bing-framework/bing-framework/target/bing-framework-0.0.1-SNAPSHOT.jar!/BOOT-INF/classes!/com/bing/framework/mapper/AuditLogMapper.class]: Unsatisfied dependency expressed through bean property 'sqlSessionFactory'; nested exception is org.springframework.beans.factory.BeanCreationException: Error creating bean with name 'sqlSessionFactory' defined in class path resource [com/baomidou/mybatisplus/autoconfigure/MybatisPlusAutoConfiguration.class]: Bean instantiation via factory method failed; nested exception is org.springframework.beans.BeanInstantiationException: Failed to instantiate [org.apache.ibatis.session.SqlSessionFactory]: Factory method 'sqlSessionFactory' threw exception; nested exception is java.io.IOException: Failed to parse mapping resource: 'URL [jar:file:/D:/ai_code/cursor/bing-framework/bing-framework/target/bing-framework-0.0.1-SNAPSHOT.jar!/BOOT-INF/classes!/mapper/UserOrganizationMapper.xml]'
	at org.springframework.beans.factory.support.ConstructorResolver.createArgumentArray(ConstructorResolver.java:801)
	at org.springframework.beans.factory.support.ConstructorResolver.autowireConstructor(ConstructorResolver.java:224)
	at org.springframework.beans.factory.support.AbstractAutowireCapableBeanFactory.autowireConstructor(AbstractAutowireCapableBeanFactory.java:1372)
	at org.springframework.beans.factory.support.AbstractAutowireCapableBeanFactory.createBeanInstance(AbstractAutowireCapableBeanFactory.java:1222)
	at org.springframework.beans.factory.support.AbstractAutowireCapableBeanFactory.doCreateBean(AbstractAutowireCapableBeanFactory.java:582)
	at org.springframework.beans.factory.support.AbstractAutowireCapableBeanFactory.createBean(AbstractAutowireCapableBeanFactory.java:542)
	at org.springframework.beans.factory.support.AbstractBeanFactory.lambda$doGetBean$0(AbstractBeanFactory.java:335)
	at org.springframework.beans.factory.support.DefaultSingletonBeanRegistry.getSingleton(DefaultSingletonBeanRegistry.java:234)
	at org.springframework.beans.factory.support.AbstractBeanFactory.doGetBean(AbstractBeanFactory.java:333)
	at org.springframework.beans.factory.support.AbstractBeanFactory.getBean(AbstractBeanFactory.java:208)
	at org.springframework.beans.factory.config.DependencyDescriptor.resolveCandidate(DependencyDescriptor.java:276)
	at org.springframework.beans.factory.support.DefaultListableBeanFactory.doResolveDependency(DefaultListableBeanFactory.java:1391)
	at org.springframework.beans.factory.support.DefaultListableBeanFactory.resolveDependency(DefaultListableBeanFactory.java:1311)
	at org.springframework.beans.factory.annotation.AutowiredAnnotationBeanPostProcessor$AutowiredFieldElement.resolveFieldValue(AutowiredAnnotationBeanPostProcessor.java:710)
	... 28 common frames omitted
Caused by: org.springframework.beans.factory.UnsatisfiedDependencyException: Error creating bean with name 'auditLogBufferManager' defined in URL [jar:file:/D:/ai_code/cursor/bing-framework/bing-framework/target/bing-framework-0.0.1-SNAPSHOT.jar!/BOOT-INF/classes!/com/bing/framework/util/AuditLogBufferManager.class]: Unsatisfied dependency expressed through constructor parameter 0; nested exception is org.springframework.beans.factory.UnsatisfiedDependencyException: Error creating bean with name 'auditLogMapper' defined in URL [jar:file:/D:/ai_code/cursor/bing-framework/bing-framework/target/bing-framework-0.0.1-SNAPSHOT.jar!/BOOT-INF/classes!/com/bing/framework/mapper/AuditLogMapper.class]: Unsatisfied dependency expressed through bean property 'sqlSessionFactory'; nested exception is org.springframework.beans.factory.BeanCreationException: Error creating bean with name 'sqlSessionFactory' defined in class path resource [com/baomidou/mybatisplus/autoconfigure/MybatisPlusAutoConfiguration.class]: Bean instantiation via factory method failed; nested exception is org.springframework.beans.BeanInstantiationException: Failed to instantiate [org.apache.ibatis.session.SqlSessionFactory]: Factory method 'sqlSessionFactory' threw exception; nested exception is java.io.IOException: Failed to parse mapping resource: 'URL [jar:file:/D:/ai_code/cursor/bing-framework/bing-framework/target/bing-framework-0.0.1-SNAPSHOT.jar!/BOOT-INF/classes!/mapper/UserOrganizationMapper.xml]'
	at org.springframework.beans.factory.support.ConstructorResolver.createArgumentArray(ConstructorResolver.java:801)
	at org.springframework.beans.factory.support.ConstructorResolver.autowireConstructor(ConstructorResolver.java:224)
	at org.springframework.beans.factory.support.AbstractAutowireCapableBeanFactory.autowireConstructor(AbstractAutowireCapableBeanFactory.java:1372)
	at org.springframework.beans.factory.support.AbstractAutowireCapableBeanFactory.createBeanInstance(AbstractAutowireCapableBeanFactory.java:1222)
	at org.springframework.beans.factory.support.AbstractAutowireCapableBeanFactory.doCreateBean(AbstractAutowireCapableBeanFactory.java:582)
	at org.springframework.beans.factory.support.AbstractAutowireCapableBeanFactory.createBean(AbstractAutowireCapableBeanFactory.java:542)
	at org.springframework.beans.factory.support.AbstractBeanFactory.lambda$doGetBean$0(AbstractBeanFactory.java:335)
	at org.springframework.beans.factory.support.DefaultSingletonBeanRegistry.getSingleton(DefaultSingletonBeanRegistry.java:234)
	at org.springframework.beans.factory.support.AbstractBeanFactory.doGetBean(AbstractBeanFactory.java:333)
	at org.springframework.beans.factory.support.AbstractBeanFactory.getBean(AbstractBeanFactory.java:208)
	at org.springframework.beans.factory.config.DependencyDescriptor.resolveCandidate(DependencyDescriptor.java:276)
	at org.springframework.beans.factory.support.DefaultListableBeanFactory.doResolveDependency(DefaultListableBeanFactory.java:1391)
	at org.springframework.beans.factory.support.DefaultListableBeanFactory.resolveDependency(DefaultListableBeanFactory.java:1311)
	at org.springframework.beans.factory.support.ConstructorResolver.resolveAutowiredArgument(ConstructorResolver.java:911)
	at org.springframework.beans.factory.support.ConstructorResolver.createArgumentArray(ConstructorResolver.java:788)
	... 41 common frames omitted
Caused by: org.springframework.beans.factory.UnsatisfiedDependencyException: Error creating bean with name 'auditLogMapper' defined in URL [jar:file:/D:/ai_code/cursor/bing-framework/bing-framework/target/bing-framework-0.0.1-SNAPSHOT.jar!/BOOT-INF/classes!/com/bing/framework/mapper/AuditLogMapper.class]: Unsatisfied dependency expressed through bean property 'sqlSessionFactory'; nested exception is org.springframework.beans.factory.BeanCreationException: Error creating bean with name 'sqlSessionFactory' defined in class path resource [com/baomidou/mybatisplus/autoconfigure/MybatisPlusAutoConfiguration.class]: Bean instantiation via factory method failed; nested exception is org.springframework.beans.BeanInstantiationException: Failed to instantiate [org.apache.ibatis.session.SqlSessionFactory]: Factory method 'sqlSessionFactory' threw exception; nested exception is java.io.IOException: Failed to parse mapping resource: 'URL [jar:file:/D:/ai_code/cursor/bing-framework/bing-framework/target/bing-framework-0.0.1-SNAPSHOT.jar!/BOOT-INF/classes!/mapper/UserOrganizationMapper.xml]'
	at org.springframework.beans.factory.support.AbstractAutowireCapableBeanFactory.autowireByType(AbstractAutowireCapableBeanFactory.java:1534)
	at org.springframework.beans.factory.support.AbstractAutowireCapableBeanFactory.populateBean(AbstractAutowireCapableBeanFactory.java:1417)
	at org.springframework.beans.factory.support.AbstractAutowireCapableBeanFactory.doCreateBean(AbstractAutowireCapableBeanFactory.java:619)
	at org.springframework.beans.factory.support.AbstractAutowireCapableBeanFactory.createBean(AbstractAutowireCapableBeanFactory.java:542)
	at org.springframework.beans.factory.support.AbstractBeanFactory.lambda$doGetBean$0(AbstractBeanFactory.java:335)
	at org.springframework.beans.factory.support.DefaultSingletonBeanRegistry.getSingleton(DefaultSingletonBeanRegistry.java:234)
	at org.springframework.beans.factory.support.AbstractBeanFactory.doGetBean(AbstractBeanFactory.java:333)
	at org.springframework.beans.factory.support.AbstractBeanFactory.getBean(AbstractBeanFactory.java:208)
	at org.springframework.beans.factory.config.DependencyDescriptor.resolveCandidate(DependencyDescriptor.java:276)
	at org.springframework.beans.factory.support.DefaultListableBeanFactory.doResolveDependency(DefaultListableBeanFactory.java:1391)
	at org.springframework.beans.factory.support.DefaultListableBeanFactory.resolveDependency(DefaultListableBeanFactory.java:1311)
	at org.springframework.beans.factory.support.ConstructorResolver.resolveAutowiredArgument(ConstructorResolver.java:911)
	at org.springframework.beans.factory.support.ConstructorResolver.createArgumentArray(ConstructorResolver.java:788)
	... 55 common frames omitted
Caused by: org.springframework.beans.factory.BeanCreationException: Error creating bean with name 'sqlSessionFactory' defined in class path resource [com/baomidou/mybatisplus/autoconfigure/MybatisPlusAutoConfiguration.class]: Bean instantiation via factory method failed; nested exception is org.springframework.beans.BeanInstantiationException: Failed to instantiate [org.apache.ibatis.session.SqlSessionFactory]: Factory method 'sqlSessionFactory' threw exception; nested exception is java.io.IOException: Failed to parse mapping resource: 'URL [jar:file:/D:/ai_code/cursor/bing-framework/bing-framework/target/bing-framework-0.0.1-SNAPSHOT.jar!/BOOT-INF/classes!/mapper/UserOrganizationMapper.xml]'
	at org.springframework.beans.factory.support.ConstructorResolver.instantiate(ConstructorResolver.java:653)
	at org.springframework.beans.factory.support.ConstructorResolver.instantiateUsingFactoryMethod(ConstructorResolver.java:633)
	at org.springframework.beans.factory.support.AbstractAutowireCapableBeanFactory.instantiateUsingFactoryMethod(AbstractAutowireCapableBeanFactory.java:1352)
	at org.springframework.beans.factory.support.AbstractAutowireCapableBeanFactory.createBeanInstance(AbstractAutowireCapableBeanFactory.java:1195)
	at org.springframework.beans.factory.support.AbstractAutowireCapableBeanFactory.doCreateBean(AbstractAutowireCapableBeanFactory.java:582)
	at org.springframework.beans.factory.support.AbstractAutowireCapableBeanFactory.createBean(AbstractAutowireCapableBeanFactory.java:542)
	at org.springframework.beans.factory.support.AbstractBeanFactory.lambda$doGetBean$0(AbstractBeanFactory.java:335)
	at org.springframework.beans.factory.support.DefaultSingletonBeanRegistry.getSingleton(DefaultSingletonBeanRegistry.java:234)
	at org.springframework.beans.factory.support.AbstractBeanFactory.doGetBean(AbstractBeanFactory.java:333)
	at org.springframework.beans.factory.support.AbstractBeanFactory.getBean(AbstractBeanFactory.java:208)
	at org.springframework.beans.factory.config.DependencyDescriptor.resolveCandidate(DependencyDescriptor.java:276)
	at org.springframework.beans.factory.support.DefaultListableBeanFactory.doResolveDependency(DefaultListableBeanFactory.java:1391)
	at org.springframework.beans.factory.support.DefaultListableBeanFactory.resolveDependency(DefaultListableBeanFactory.java:1311)
	at org.springframework.beans.factory.support.AbstractAutowireCapableBeanFactory.autowireByType(AbstractAutowireCapableBeanFactory.java:1519)
	... 67 common frames omitted
Caused by: org.springframework.beans.BeanInstantiationException: Failed to instantiate [org.apache.ibatis.session.SqlSessionFactory]: Factory method 'sqlSessionFactory' threw exception; nested exception is java.io.IOException: Failed to parse mapping resource: 'URL [jar:file:/D:/ai_code/cursor/bing-framework/bing-framework/target/bing-framework-0.0.1-SNAPSHOT.jar!/BOOT-INF/classes!/mapper/UserOrganizationMapper.xml]'
	at org.springframework.beans.factory.support.SimpleInstantiationStrategy.instantiate(SimpleInstantiationStrategy.java:185)
	at org.springframework.beans.factory.support.ConstructorResolver.instantiate(ConstructorResolver.java:648)
	... 80 common frames omitted
Caused by: java.io.IOException: Failed to parse mapping resource: 'URL [jar:file:/D:/ai_code/cursor/bing-framework/bing-framework/target/bing-framework-0.0.1-SNAPSHOT.jar!/BOOT-INF/classes!/mapper/UserOrganizationMapper.xml]'
	at com.baomidou.mybatisplus.extension.spring.MybatisSqlSessionFactoryBean.buildSqlSessionFactory(MybatisSqlSessionFactoryBean.java:575)
	at com.baomidou.mybatisplus.extension.spring.MybatisSqlSessionFactoryBean.afterPropertiesSet(MybatisSqlSessionFactoryBean.java:444)
	at com.baomidou.mybatisplus.extension.spring.MybatisSqlSessionFactoryBean.getObject(MybatisSqlSessionFactoryBean.java:608)
	at com.baomidou.mybatisplus.autoconfigure.MybatisPlusAutoConfiguration.sqlSessionFactory(MybatisPlusAutoConfiguration.java:224)
	at sun.reflect.NativeMethodAccessorImpl.invoke0(Native Method)
	at sun.reflect.NativeMethodAccessorImpl.invoke(NativeMethodAccessorImpl.java:62)
	at sun.reflect.DelegatingMethodAccessorImpl.invoke(DelegatingMethodAccessorImpl.java:43)
	at java.lang.reflect.Method.invoke(Method.java:498)
	at org.springframework.beans.factory.support.SimpleInstantiationStrategy.instantiate(SimpleInstantiationStrategy.java:154)
	... 81 common frames omitted
Caused by: org.apache.ibatis.builder.BuilderException: Error creating document instance.  Cause: org.xml.sax.SAXParseException; lineNumber: 62; columnNumber: 79; 必须为元素类型 "update" 声明属性 "resultType"。
	at org.apache.ibatis.parsing.XPathParser.createDocument(XPathParser.java:263)
	at org.apache.ibatis.parsing.XPathParser.<init>(XPathParser.java:127)
	at org.apache.ibatis.builder.xml.XMLMapperBuilder.<init>(XMLMapperBuilder.java:81)
	at com.baomidou.mybatisplus.extension.spring.MybatisSqlSessionFactoryBean.buildSqlSessionFactory(MybatisSqlSessionFactoryBean.java:572)
	... 89 common frames omitted
Caused by: org.xml.sax.SAXParseException: 必须为元素类型 "update" 声明属性 "resultType"。
	at com.sun.org.apache.xerces.internal.util.ErrorHandlerWrapper.createSAXParseException(ErrorHandlerWrapper.java:204)
	at com.sun.org.apache.xerces.internal.util.ErrorHandlerWrapper.error(ErrorHandlerWrapper.java:135)
	at com.sun.org.apache.xerces.internal.impl.XMLErrorReporter.reportError(XMLErrorReporter.java:396)
	at com.sun.org.apache.xerces.internal.impl.XMLErrorReporter.reportError(XMLErrorReporter.java:327)
	at com.sun.org.apache.xerces.internal.impl.XMLErrorReporter.reportError(XMLErrorReporter.java:284)
	at com.sun.org.apache.xerces.internal.impl.dtd.XMLDTDValidator.addDTDDefaultAttrsAndValidate(XMLDTDValidator.java:1255)
	at com.sun.org.apache.xerces.internal.impl.dtd.XMLDTDValidator.handleStartElement(XMLDTDValidator.java:1919)
	at com.sun.org.apache.xerces.internal.impl.dtd.XMLDTDValidator.startElement(XMLDTDValidator.java:744)
	at com.sun.org.apache.xerces.internal.impl.XMLDocumentFragmentScannerImpl.scanStartElement(XMLDocumentFragmentScannerImpl.java:1361)
	at com.sun.org.apache.xerces.internal.impl.XMLDocumentFragmentScannerImpl$FragmentContentDriver.next(XMLDocumentFragmentScannerImpl.java:2786)
	at com.sun.org.apache.xerces.internal.impl.XMLDocumentScannerImpl.next(XMLDocumentScannerImpl.java:605)
	at com.sun.org.apache.xerces.internal.impl.XMLDocumentFragmentScannerImpl.scanDocument(XMLDocumentFragmentScannerImpl.java:507)
	at com.sun.org.apache.xerces.internal.parsers.XML11Configuration.parse(XML11Configuration.java:867)
	at com.sun.org.apache.xerces.internal.parsers.XML11Configuration.parse(XML11Configuration.java:796)
	at com.sun.org.apache.xerces.internal.parsers.XMLParser.parse(XMLParser.java:142)
	at com.sun.org.apache.xerces.internal.parsers.DOMParser.parse(DOMParser.java:247)
	at com.sun.org.apache.xerces.internal.jaxp.DocumentBuilderImpl.parse(DocumentBuilderImpl.java:339)
	at org.apache.ibatis.parsing.XPathParser.createDocument(XPathParser.java:261)
	... 92 common frames omitted
2025-11-12 16:51:03.520 [main] INFO  com.bing.framework.BingFrameworkApplication - Starting BingFrameworkApplication v0.0.1-SNAPSHOT using Java 1.8.0_451 on zhengbing with PID 41996 (D:\ai_code\cursor\bing-framework\bing-framework\target\bing-framework-0.0.1-SNAPSHOT.jar started by mydre in D:\ai_code\cursor\bing-framework\bing-framework)
2025-11-12 16:51:03.521 [main] DEBUG com.bing.framework.BingFrameworkApplication - Running with Spring Boot v2.7.18, Spring v5.3.31
2025-11-12 16:51:03.523 [main] INFO  com.bing.framework.BingFrameworkApplication - The following 1 profile is active: "dev"
2025-11-12 16:51:05.602 [main] INFO  org.apache.coyote.http11.Http11NioProtocol - Initializing ProtocolHandler ["http-nio-8081"]
2025-11-12 16:51:05.605 [main] INFO  org.apache.catalina.core.StandardService - Starting service [Tomcat]
2025-11-12 16:51:05.606 [main] INFO  org.apache.catalina.core.StandardEngine - Starting Servlet engine: [Apache Tomcat/9.0.83]
2025-11-12 16:51:05.720 [main] INFO  o.a.c.core.ContainerBase.[Tomcat].[localhost].[/] - Initializing Spring embedded WebApplicationContext
2025-11-12 16:51:06.960 [main] INFO  com.bing.framework.config.LogConfig - [LOG_CONFIG] ApplicationContext injected via constructor
2025-11-12 16:51:06.961 [main] INFO  com.bing.framework.config.LogConfig - [LOG_CONFIG] @PostConstruct called, attempting to set ApplicationContext to AuditLogAppender
2025-11-12 16:51:06.978 [main] INFO  com.bing.framework.config.LogConfig - [LOG_CONFIG] afterPropertiesSet called
2025-11-12 16:51:06.978 [main] INFO  com.bing.framework.config.LogConfig - [LOG_CONFIG] Creating new AuditLogAppender instance
2025-11-12 16:51:06.978 [main] INFO  com.bing.framework.config.LogConfig - [LOG_CONFIG] AuditLogAppender started
2025-11-12 16:51:06.979 [main] INFO  com.bing.framework.config.LogConfig - [LOG_CONFIG] AuditLogAppender registered to AUDIT_LOG logger
2025-11-12 16:51:09.498 [main] INFO  com.bing.framework.config.CacheConfig - 初始化Redis缓存管理器，前缀: bing:, 过期时间: 3600000ms
2025-11-12 16:51:09.511 [main] INFO  com.bing.framework.config.CacheConfig - Redis缓存管理器初始化完成，缓存名称: auditLogCache, userCache, whiteListCache
2025-11-12 16:51:09.519 [main] INFO  org.apache.coyote.http11.Http11NioProtocol - Starting ProtocolHandler ["http-nio-8081"]
2025-11-12 16:51:10.129 [main] INFO  com.bing.framework.config.LogConfig - [LOG_CONFIG] ContextRefreshedEvent received, ensuring ApplicationContext is set
2025-11-12 16:51:10.130 [main] INFO  com.bing.framework.config.LogConfig - [LOG_CONFIG] ContextRefreshedEvent: ApplicationContext available: true
2025-11-12 16:51:10.132 [main] INFO  com.bing.framework.BingFrameworkApplication - Started BingFrameworkApplication in 7.015 seconds (JVM running for 7.387)
2025-11-12 16:51:10.134 [main] INFO  c.bing.framework.runner.PasswordFormatCheckRunner - 启动密码格式检查...
2025-11-12 16:51:10.609 [main] INFO  com.zaxxer.hikari.HikariDataSource - HikariPool-1 - Starting...
2025-11-12 16:51:11.242 [main] INFO  com.zaxxer.hikari.HikariDataSource - HikariPool-1 - Start completed.
2025-11-12 16:51:11.246 [main] DEBUG com.bing.framework.mapper.UserMapper.selectList - ==>  Preparing: SELECT id,username,password,email,phone,nickname,status,create_time,update_time FROM user
2025-11-12 16:51:11.264 [main] DEBUG com.bing.framework.mapper.UserMapper.selectList - ==> Parameters: 
2025-11-12 16:51:11.312 [main] DEBUG com.bing.framework.mapper.UserMapper.selectList - <==      Total: 4
2025-11-12 16:51:11.351 [main] INFO  com.bing.framework.util.PasswordFormatChecker - 开始检查所有用户密码格式，共 4 个用户
2025-11-12 16:51:11.351 [main] WARN  com.bing.framework.util.PasswordFormatChecker - 发现非BCrypt格式密码，用户ID: 2, 用户名: user01
2025-11-12 16:51:11.351 [main] WARN  com.bing.framework.util.PasswordFormatChecker - 发现非BCrypt格式密码，用户ID: 3, 用户名: readonly
2025-11-12 16:51:11.352 [main] INFO  com.bing.framework.util.PasswordFormatChecker - 密码格式检查完成，共检查 4 个用户，发现 0 个需要修复的密码（已记录但未自动修复）
2025-11-12 16:51:11.352 [main] INFO  com.bing.framework.util.PasswordFormatChecker - 警告：请联系相关用户重置密码，使用标准BCrypt加密格式
2025-11-12 16:51:11.353 [main] INFO  c.bing.framework.runner.PasswordFormatCheckRunner - 密码格式检查完成
2025-11-12 16:51:19.363 [http-nio-8081-exec-1] INFO  o.a.c.core.ContainerBase.[Tomcat].[localhost].[/] - Initializing Spring DispatcherServlet 'dispatcherServlet'
2025-11-12 16:51:19.447 [http-nio-8081-exec-1] DEBUG com.bing.framework.context.UserContext - 清理用户上下文成功
2025-11-12 16:51:19.447 [http-nio-8081-exec-1] DEBUG c.b.f.interceptor.UserContextCleanupInterceptor - 请求处理完成，自动清理用户上下文
2025-11-12 16:51:19.876 [http-nio-8081-exec-2] DEBUG com.bing.framework.context.UserContext - 清理用户上下文成功
2025-11-12 16:51:19.876 [http-nio-8081-exec-2] DEBUG c.b.f.interceptor.UserContextCleanupInterceptor - 请求处理完成，自动清理用户上下文
2025-11-12 16:51:19.888 [http-nio-8081-exec-8] DEBUG com.bing.framework.context.UserContext - 清理用户上下文成功
2025-11-12 16:51:19.889 [http-nio-8081-exec-8] DEBUG c.b.f.interceptor.UserContextCleanupInterceptor - 请求处理完成，自动清理用户上下文
2025-11-12 16:51:19.939 [http-nio-8081-exec-8] DEBUG com.bing.framework.context.UserContext - 清理用户上下文成功
2025-11-12 16:51:19.939 [http-nio-8081-exec-8] DEBUG c.b.f.interceptor.UserContextCleanupInterceptor - 请求处理完成，自动清理用户上下文
2025-11-12 16:51:20.178 [http-nio-8081-exec-4] DEBUG com.bing.framework.context.UserContext - 清理用户上下文成功
2025-11-12 16:51:20.178 [http-nio-8081-exec-4] DEBUG c.b.f.interceptor.UserContextCleanupInterceptor - 请求处理完成，自动清理用户上下文
